<?xml version="1.0" encoding="UTF-8"?>
<!-- Generated by org.testng.reporters.JUnitXMLReporter -->
<testsuite ignored="0" hostname="LAPTOP-481J7GHU" failures="0" tests="8" name="Default test" time="6.038" errors="0" timestamp="2023-04-17T20:55:21 IST">
  <testcase classname="dynamicJson.DynamicJson" name="addBook" time="2.991"/>
  <testcase classname="dynamicJson.DynamicJson" name="addBook" time="0.417"/>
  <testcase classname="dynamicJson.DynamicJson" name="addBook" time="0.392"/>
  <testcase classname="dynamicJson.DynamicJson" name="addBook" time="0.405"/>
  <testcase classname="dynamicJson.DynamicJson" name="addBook" time="0.475"/>
  <testcase classname="dynamicJson.DynamicJson" name="addBook" time="0.482"/>
  <testcase classname="dynamicJson.DynamicJson" name="addBook" time="0.418"/>
  <testcase classname="dynamicJson.DynamicJson" name="addBook" time="0.36"/>
</testsuite> <!-- Default test -->
