<?xml version="1.0" encoding="UTF-8"?>
<testng-results ignored="0" total="1" passed="1" failed="0" skipped="0">
  <reporter-output>
  </reporter-output>
  <suite started-at="2023-04-13T09:36:34 IST" name="Default suite" finished-at="2023-04-13T09:36:39 IST" duration-ms="4210">
    <groups>
    </groups>
    <test started-at="2023-04-13T09:36:34 IST" name="Default test" finished-at="2023-04-13T09:36:39 IST" duration-ms="4210">
      <class name="dynamicJson.DynamicJson">
        <test-method signature="addBook()[pri:0, instance:dynamicJson.DynamicJson@3c73951]" started-at="2023-04-13T09:36:35 IST" name="addBook" finished-at="2023-04-13T09:36:39 IST" duration-ms="4080" status="PASS">
          <reporter-output>
          </reporter-output>
        </test-method> <!-- addBook -->
      </class> <!-- dynamicJson.DynamicJson -->
    </test> <!-- Default test -->
  </suite> <!-- Default suite -->
</testng-results>
